[2022-08-23 16:16:42:0930] Adobe ARM 1.824.45.8876 logging started.
[2022-08-23 16:16:42:0981] Too soon to check for arm update
[2022-08-23 16:16:42:0990] ProductCode: {AC76BA86-7AD7-1033-7B44-AC0F074E4100}
[2022-08-23 16:16:42:0990] ProductName: Adobe Acrobat Reader DC
[2022-08-23 16:16:42:0990] ProductVersion: 22.002.20191
[2022-08-23 16:16:42:0990] ProductUACPatching: enabled
[2022-08-23 16:16:43:0034] Using registered preference AUTO_ALL
[2022-08-23 16:16:43:0035] Last check for updates not expired, code: 120300
[2022-08-23 16:16:43:0036] Using registered preference AUTO_ALL
[2022-08-23 16:16:43:0036] Last check for updates not expired, code: 120300
[2022-08-23 16:16:43:0238] ARM returns ERROR_SUCCESS
[2022-08-23 16:16:43:0240] Adobe ARM 1.824.45.8876 logging finished.



[2022-08-23 20:10:11:0953] Adobe ARM 1.824.45.8876 logging started.
[2022-08-23 20:10:12:0079] Too soon to check for arm update
[2022-08-23 20:10:12:0096] ProductCode: {AC76BA86-7AD7-1033-7B44-AC0F074E4100}
[2022-08-23 20:10:12:0096] ProductName: Adobe Acrobat Reader DC
[2022-08-23 20:10:12:0096] ProductVersion: 22.002.20191
[2022-08-23 20:10:12:0096] ProductUACPatching: enabled
[2022-08-23 20:10:12:0314] Using registered preference AUTO_ALL
[2022-08-23 20:10:12:0315] Last check for updates not expired, code: 120300
[2022-08-23 20:10:12:0317] Using registered preference AUTO_ALL
[2022-08-23 20:10:12:0317] Last check for updates not expired, code: 120300
[2022-08-23 20:10:12:0549] ARM returns ERROR_SUCCESS
[2022-08-23 20:10:12:0560] Adobe ARM 1.824.45.8876 logging finished.



[2022-08-23 22:30:41:0184] Adobe ARM 1.824.45.8876 logging started.
[2022-08-23 22:30:41:0450] Too soon to check for arm update
[2022-08-23 22:30:41:0465] ProductCode: {AC76BA86-7AD7-1033-7B44-AC0F074E4100}
[2022-08-23 22:30:41:0465] ProductName: Adobe Acrobat Reader DC
[2022-08-23 22:30:41:0465] ProductVersion: 22.002.20191
[2022-08-23 22:30:41:0465] ProductUACPatching: enabled
[2022-08-23 22:30:41:0575] Using registered preference AUTO_ALL
[2022-08-23 22:30:41:0575] Last check for updates not expired, code: 120300
[2022-08-23 22:30:41:0575] Using registered preference AUTO_ALL
[2022-08-23 22:30:41:0575] Last check for updates not expired, code: 120300
[2022-08-23 22:30:41:0825] ARM returns ERROR_SUCCESS
[2022-08-23 22:30:41:0825] Adobe ARM 1.824.45.8876 logging finished.



[2022-08-23 22:39:46:0569] Adobe ARM 1.824.45.8876 logging started.
[2022-08-23 22:39:46:0617] Too soon to check for arm update
[2022-08-23 22:39:46:0622] ProductCode: {AC76BA86-7AD7-1033-7B44-AC0F074E4100}
[2022-08-23 22:39:46:0622] ProductName: Adobe Acrobat Reader DC
[2022-08-23 22:39:46:0622] ProductVersion: 22.002.20191
[2022-08-23 22:39:46:0622] ProductUACPatching: enabled
[2022-08-23 22:39:46:0666] Using registered preference AUTO_ALL
[2022-08-23 22:39:46:0666] Last check for updates not expired, code: 120300
[2022-08-23 22:39:46:0667] Using registered preference AUTO_ALL
[2022-08-23 22:39:46:0667] Last check for updates not expired, code: 120300
[2022-08-23 22:39:46:0869] ARM returns ERROR_SUCCESS
[2022-08-23 22:39:46:0869] Adobe ARM 1.824.45.8876 logging finished.



[2022-08-24 00:13:45:0395] Adobe ARM 1.824.45.8876 logging started.
[2022-08-24 00:13:45:0451] Too soon to check for arm update
[2022-08-24 00:13:45:0464] ProductCode: {AC76BA86-7AD7-1033-7B44-AC0F074E4100}
[2022-08-24 00:13:45:0464] ProductName: Adobe Acrobat Reader DC
[2022-08-24 00:13:45:0464] ProductVersion: 22.002.20191
[2022-08-24 00:13:45:0464] ProductUACPatching: enabled
[2022-08-24 00:13:45:0570] Using registered preference AUTO_ALL
[2022-08-24 00:13:45:0571] Last check for updates not expired, code: 120300
[2022-08-24 00:13:45:0572] Using registered preference AUTO_ALL
[2022-08-24 00:13:45:0572] Last check for updates not expired, code: 120300
[2022-08-24 00:13:45:0785] ARM returns ERROR_SUCCESS
[2022-08-24 00:13:45:0785] Adobe ARM 1.824.45.8876 logging finished.



[2022-08-24 14:49:11:0165] Adobe ARM 1.824.45.8876 logging started.
[2022-08-24 14:49:11:0218] Too soon to check for arm update
[2022-08-24 14:49:11:0237] ProductCode: {AC76BA86-7AD7-1033-7B44-AC0F074E4100}
[2022-08-24 14:49:11:0237] ProductName: Adobe Acrobat Reader DC
[2022-08-24 14:49:11:0237] ProductVersion: 22.002.20191
[2022-08-24 14:49:11:0237] ProductUACPatching: enabled
[2022-08-24 14:49:11:0434] Using registered preference AUTO_ALL
[2022-08-24 14:49:11:0435] Last check for updates not expired, code: 120300
[2022-08-24 14:49:11:0436] Using registered preference AUTO_ALL
[2022-08-24 14:49:18:0488] MDOV1615
[2022-08-24 14:49:18:0494] No files in Session, setting NO_UPDATES mode
[2022-08-24 14:49:18:0710] ARM returns ERROR_SUCCESS
[2022-08-24 14:49:18:0710] Adobe ARM 1.824.45.8876 logging finished.



[2022-08-24 22:02:52:0262] Adobe ARM 1.824.45.8876 logging started.
[2022-08-24 22:02:52:0313] Too soon to check for arm update
[2022-08-24 22:02:52:0328] ProductCode: {AC76BA86-7AD7-1033-7B44-AC0F074E4100}
[2022-08-24 22:02:52:0328] ProductName: Adobe Acrobat Reader DC
[2022-08-24 22:02:52:0328] ProductVersion: 22.002.20191
[2022-08-24 22:02:52:0328] ProductUACPatching: enabled
[2022-08-24 22:02:52:0431] Using registered preference AUTO_ALL
[2022-08-24 22:02:52:0431] Last check for updates not expired, code: 120300
[2022-08-24 22:02:52:0431] Using registered preference AUTO_ALL
[2022-08-24 22:02:52:0431] Last check for updates not expired, code: 120300
[2022-08-24 22:02:52:0665] ARM returns ERROR_SUCCESS
[2022-08-24 22:02:52:0665] Adobe ARM 1.824.45.8876 logging finished.



[2022-08-24 22:11:53:0965] Adobe ARM 1.824.45.8876 logging started.
[2022-08-24 22:11:54:0010] Too soon to check for arm update
[2022-08-24 22:11:54:0016] ProductCode: {AC76BA86-7AD7-1033-7B44-AC0F074E4100}
[2022-08-24 22:11:54:0016] ProductName: Adobe Acrobat Reader DC
[2022-08-24 22:11:54:0016] ProductVersion: 22.002.20191
[2022-08-24 22:11:54:0016] ProductUACPatching: enabled
[2022-08-24 22:11:54:0058] Using registered preference AUTO_ALL
[2022-08-24 22:11:54:0058] Last check for updates not expired, code: 120300
[2022-08-24 22:11:54:0059] Using registered preference AUTO_ALL
[2022-08-24 22:11:54:0060] Last check for updates not expired, code: 120300
[2022-08-24 22:11:54:0261] ARM returns ERROR_SUCCESS
[2022-08-24 22:11:54:0261] Adobe ARM 1.824.45.8876 logging finished.



[2022-08-25 01:41:53:0988] Adobe ARM 1.824.45.8876 logging started.
[2022-08-25 01:41:54:0041] Too soon to check for arm update
[2022-08-25 01:41:54:0054] ProductCode: {AC76BA86-7AD7-1033-7B44-AC0F074E4100}
[2022-08-25 01:41:54:0054] ProductName: Adobe Acrobat Reader DC
[2022-08-25 01:41:54:0054] ProductVersion: 22.002.20191
[2022-08-25 01:41:54:0054] ProductUACPatching: enabled
[2022-08-25 01:41:54:0101] Using registered preference AUTO_ALL
[2022-08-25 01:41:54:0102] Last check for updates not expired, code: 120300
[2022-08-25 01:41:54:0103] Using registered preference AUTO_ALL
[2022-08-25 01:41:54:0103] Last check for updates not expired, code: 120300
[2022-08-25 01:41:54:0308] ARM returns ERROR_SUCCESS
[2022-08-25 01:41:54:0308] Adobe ARM 1.824.45.8876 logging finished.



[2022-08-25 14:13:31:0636] Adobe ARM 1.824.45.8876 logging started.
[2022-08-25 14:13:31:0703] Too soon to check for arm update
[2022-08-25 14:13:31:0731] ProductCode: {AC76BA86-7AD7-1033-7B44-AC0F074E4100}
[2022-08-25 14:13:31:0731] ProductName: Adobe Acrobat Reader DC
[2022-08-25 14:13:31:0731] ProductVersion: 22.002.20191
[2022-08-25 14:13:31:0731] ProductUACPatching: enabled
[2022-08-25 14:13:31:0788] Using registered preference AUTO_ALL
[2022-08-25 14:13:31:0788] Last check for updates not expired, code: 120300
[2022-08-25 14:13:31:0790] Using registered preference AUTO_ALL
[2022-08-25 14:13:31:0790] Last check for updates not expired, code: 120300
[2022-08-25 14:13:31:0998] ARM returns ERROR_SUCCESS
[2022-08-25 14:13:31:0998] Adobe ARM 1.824.45.8876 logging finished.



[2022-08-25 15:41:53:0959] Adobe ARM 1.824.45.8876 logging started.
[2022-08-25 15:41:54:0005] Too soon to check for arm update
[2022-08-25 15:41:54:0011] ProductCode: {AC76BA86-7AD7-1033-7B44-AC0F074E4100}
[2022-08-25 15:41:54:0011] ProductName: Adobe Acrobat Reader DC
[2022-08-25 15:41:54:0011] ProductVersion: 22.002.20191
[2022-08-25 15:41:54:0011] ProductUACPatching: enabled
[2022-08-25 15:41:54:0054] Using registered preference AUTO_ALL
[2022-08-25 15:41:54:0055] Last check for updates not expired, code: 120300
[2022-08-25 15:41:54:0056] Using registered preference AUTO_ALL
[2022-08-25 15:41:54:0056] Last check for updates not expired, code: 120300
[2022-08-25 15:41:54:0258] ARM returns ERROR_SUCCESS
[2022-08-25 15:41:54:0258] Adobe ARM 1.824.45.8876 logging finished.



[2022-08-26 23:03:49:0366] Adobe ARM 1.824.45.8876 logging started.
[2022-08-26 23:03:58:0085] Newer version ARM update is not available
[2022-08-26 23:03:58:0101] ProductCode: {AC76BA86-7AD7-1033-7B44-AC0F074E4100}
[2022-08-26 23:03:58:0101] ProductName: Adobe Acrobat Reader DC
[2022-08-26 23:03:58:0101] ProductVersion: 22.002.20191
[2022-08-26 23:03:58:0101] ProductUACPatching: enabled
[2022-08-26 23:03:58:0210] Using registered preference AUTO_ALL
[2022-08-26 23:04:00:0811] MDOV1615
[2022-08-26 23:04:00:0811] No files in Session, setting NO_UPDATES mode
[2022-08-26 23:04:00:0811] Using registered preference AUTO_ALL
[2022-08-26 23:04:00:0827] Last check for updates not expired, code: 120300
[2022-08-26 23:04:00:0853] ARM returns ERROR_SUCCESS
[2022-08-26 23:04:00:0853] Adobe ARM 1.824.45.8876 logging finished.



[2022-08-26 23:12:50:0681] Adobe ARM 1.824.45.8876 logging started.
[2022-08-26 23:12:50:0749] Too soon to check for arm update
[2022-08-26 23:12:50:0756] ProductCode: {AC76BA86-7AD7-1033-7B44-AC0F074E4100}
[2022-08-26 23:12:50:0756] ProductName: Adobe Acrobat Reader DC
[2022-08-26 23:12:50:0756] ProductVersion: 22.002.20191
[2022-08-26 23:12:50:0756] ProductUACPatching: enabled
[2022-08-26 23:12:50:0897] Using registered preference AUTO_ALL
[2022-08-26 23:12:50:0897] Last check for updates not expired, code: 120300
[2022-08-26 23:12:50:0899] Using registered preference AUTO_ALL
[2022-08-26 23:12:50:0899] Last check for updates not expired, code: 120300
[2022-08-26 23:12:51:0102] ARM returns ERROR_SUCCESS
[2022-08-26 23:12:51:0102] Adobe ARM 1.824.45.8876 logging finished.



[2022-08-26 23:28:27:0404] Adobe ARM 1.824.45.8876 logging started.
[2022-08-26 23:28:27:0495] Too soon to check for arm update
[2022-08-26 23:28:27:0570] ProductCode: {AC76BA86-7AD7-1033-7B44-AC0F074E4100}
[2022-08-26 23:28:27:0570] ProductName: Adobe Acrobat Reader DC
[2022-08-26 23:28:27:0570] ProductVersion: 22.002.20191
[2022-08-26 23:28:27:0571] ProductUACPatching: enabled
[2022-08-26 23:28:27:0733] Using registered preference AUTO_ALL
[2022-08-26 23:28:27:0733] Last check for updates not expired, code: 120300
[2022-08-26 23:28:27:0737] Using registered preference AUTO_ALL
[2022-08-26 23:28:27:0737] Last check for updates not expired, code: 120300
[2022-08-26 23:28:28:0506] ARM returns ERROR_SUCCESS
[2022-08-26 23:28:28:0506] Adobe ARM 1.824.45.8876 logging finished.
